<?xml version="1.0" encoding="UTF-8"?>
<!-- Generated by org.testng.reporters.JUnitReportReporter -->
<testsuite hostname="LAPTOP-2GEIVD6F" failures="0" tests="2" name="Tests.LoginTest" time="127.623" errors="0" timestamp="2022-10-17T10:52:24 IST" skipped="0">
  <testcase classname="Tests.LoginTest" name="login" time="109.388"/>
  <system-out/>
  <testcase classname="Tests.LoginTest" name="login" time="18.235"/>
  <system-out/>
</testsuite> <!-- Tests.LoginTest -->
